<?xml version="1.0" encoding="UTF-8"?>
<!-- Generated by org.testng.reporters.JUnitReportReporter -->
<testsuite hostname="LAPTOP-LC3H17N7" failures="0" tests="5" name="com.employeeapi.testCases.TC004_Put_Employee_Record" time="0.109" errors="0" timestamp="2023-02-24T22:51:17 EST" skipped="0">
  <testcase classname="com.employeeapi.testCases.TC004_Put_Employee_Record" name="checkResponseTime" time="0.006"/>
  <system-out/>
  <testcase classname="com.employeeapi.testCases.TC004_Put_Employee_Record" name="checkStatusLine" time="0.007"/>
  <system-out/>
  <testcase classname="com.employeeapi.testCases.TC004_Put_Employee_Record" name="checkResponseBody" time="0.073"/>
  <system-out/>
  <testcase classname="com.employeeapi.testCases.TC004_Put_Employee_Record" name="checkStatusCode" time="0.005"/>
  <system-out/>
  <testcase classname="com.employeeapi.testCases.TC004_Put_Employee_Record" name="checkContentType" time="0.018"/>
  <system-out/>
</testsuite> <!-- com.employeeapi.testCases.TC004_Put_Employee_Record -->
