<?xml version="1.0" encoding="UTF-8"?>
<!-- Generated by org.testng.reporters.JUnitReportReporter -->
<testsuite hostname="LAPTOP-LC3H17N7" failures="0" tests="4" name="com.employeeapi.testCases.TC005_Delete_Employee_Record" time="0.010" errors="0" timestamp="2023-02-25T00:17:16 EST" skipped="0">
  <testcase classname="com.employeeapi.testCases.TC005_Delete_Employee_Record" name="checkStatusCode" time="0.002"/>
  <system-out/>
  <testcase classname="com.employeeapi.testCases.TC005_Delete_Employee_Record" name="checkResponseBody" time="0.002"/>
  <system-out/>
  <testcase classname="com.employeeapi.testCases.TC005_Delete_Employee_Record" name="checkResponseTime" time="0.004"/>
  <system-out/>
  <testcase classname="com.employeeapi.testCases.TC005_Delete_Employee_Record" name="checkStatusLine" time="0.002"/>
  <system-out/>
</testsuite> <!-- com.employeeapi.testCases.TC005_Delete_Employee_Record -->
