<?xml version="1.0" encoding="UTF-8"?>
<!-- Generated by org.testng.reporters.JUnitReportReporter -->
<testsuite hostname="LAPTOP-LC3H17N7" failures="0" tests="5" name="com.employeeapi.testCases.TC003_Post_Employee_Record" time="0.055" errors="0" timestamp="2023-02-25T00:17:16 EST" skipped="0">
  <testcase classname="com.employeeapi.testCases.TC003_Post_Employee_Record" name="checkStatusCode" time="0.003"/>
  <system-out/>
  <testcase classname="com.employeeapi.testCases.TC003_Post_Employee_Record" name="checkResponseBody" time="0.031"/>
  <system-out/>
  <testcase classname="com.employeeapi.testCases.TC003_Post_Employee_Record" name="checkStatusLine" time="0.006"/>
  <system-out/>
  <testcase classname="com.employeeapi.testCases.TC003_Post_Employee_Record" name="checkContentType" time="0.009"/>
  <system-out/>
  <testcase classname="com.employeeapi.testCases.TC003_Post_Employee_Record" name="checkResponseTime" time="0.006"/>
  <system-out/>
</testsuite> <!-- com.employeeapi.testCases.TC003_Post_Employee_Record -->
